#
# There is insufficient memory for the Java Runtime Environment to continue.
# Native memory allocation (malloc) failed to allocate 1668416 bytes for Chunk::new
# Possible reasons:
#   The system is out of physical RAM or swap space
#   In 32 bit mode, the process size limit was hit
# Possible solutions:
#   Reduce memory load on the system
#   Increase physical memory or swap space
#   Check if swap backing store is full
#   Use 64 bit Java on a 64 bit OS
#   Decrease Java heap size (-Xmx/-Xms)
#   Decrease number of Java threads
#   Decrease Java thread stack sizes (-Xss)
#   Set larger code cache with -XX:ReservedCodeCacheSize=
# This output file may be truncated or incomplete.
#
#  Out of Memory Error (allocation.cpp:390), pid=11536, tid=1316
#
# JRE version: Java(TM) SE Runtime Environment (8.0_73-b02) (build 1.8.0_73-b02)
# Java VM: Java HotSpot(TM) 64-Bit Server VM (25.73-b02 mixed mode windows-amd64 compressed oops)
# Failed to write core dump. Minidumps are not enabled by default on client versions of Windows
#

---------------  T H R E A D  ---------------

Current thread (0x0000000015196800):  JavaThread "C2 CompilerThread1" daemon [_thread_in_native, id=1316, stack(0x00000000168d0000,0x00000000169d0000)]

Stack: [0x00000000168d0000,0x00000000169d0000]
[error occurred during error reporting (printing stack bounds), id 0xc0000005]

Native frames: (J=compiled Java code, j=interpreted, Vv=VM code, C=native code)


Current CompileTask:
C2: 484676 12490       4       org.gradle.api.internal.changedetection.state.CachingFileSnapshotter::snapshot (100 bytes)


---------------  P R O C E S S  ---------------

Java Threads: ( => current thread )
  0x000000001ba0e800 JavaThread "Stdin handler" [_thread_blocked, id=2792, stack(0x000000001dd70000,0x000000001de70000)]
  0x000000001ba0e000 JavaThread "Cancel handler" [_thread_blocked, id=7280, stack(0x00000000193e0000,0x00000000194e0000)]
  0x000000001ba08800 JavaThread "Handler for socket connection from /127.0.0.1:23196 to /127.0.0.1:23678" [_thread_in_native, id=10204, stack(0x00000000190e0000,0x00000000191e0000)]
  0x000000001ba0b800 JavaThread "Daemon worker Thread 3" [_thread_in_native, id=5728, stack(0x00000000194e0000,0x00000000195e0000)]
  0x000000001ba0d000 JavaThread "Daemon Thread 3" [_thread_blocked, id=12644, stack(0x00000000178d0000,0x00000000179d0000)]
  0x000000001ba13000 JavaThread "pool-3-thread-3" [_thread_blocked, id=7644, stack(0x0000000020870000,0x0000000020970000)]
  0x000000001ba12800 JavaThread "pool-3-thread-2" [_thread_blocked, id=11684, stack(0x0000000020770000,0x0000000020870000)]
  0x000000001ba11800 JavaThread "pool-3-thread-4" [_thread_blocked, id=9436, stack(0x0000000020670000,0x0000000020770000)]
  0x000000001ba11000 JavaThread "pool-3-thread-1" [_thread_blocked, id=4592, stack(0x000000001fe70000,0x000000001ff70000)]
  0x0000000018a6f800 JavaThread "File lock request listener" [_thread_in_native, id=13120, stack(0x000000001aff0000,0x000000001b0f0000)]
  0x0000000017d10800 JavaThread "Incoming local TCP Connector on port 23196" [_thread_in_native, id=5212, stack(0x0000000018de0000,0x0000000018ee0000)]
  0x0000000016b08800 JavaThread "Service Thread" daemon [_thread_blocked, id=11204, stack(0x0000000016ed0000,0x0000000016fd0000)]
  0x0000000015191800 JavaThread "C1 CompilerThread2" daemon [_thread_blocked, id=8224, stack(0x00000000169d0000,0x0000000016ad0000)]
=>0x0000000015196800 JavaThread "C2 CompilerThread1" daemon [_thread_in_native, id=1316, stack(0x00000000168d0000,0x00000000169d0000)]
  0x000000001518f000 JavaThread "C2 CompilerThread0" daemon [_thread_in_native, id=4768, stack(0x00000000167d0000,0x00000000168d0000)]
  0x000000001518d000 JavaThread "Attach Listener" daemon [_thread_blocked, id=12544, stack(0x00000000166d0000,0x00000000167d0000)]
  0x000000001518c000 JavaThread "Signal Dispatcher" daemon [_thread_blocked, id=11360, stack(0x00000000165d0000,0x00000000166d0000)]
  0x0000000002ab7800 JavaThread "Finalizer" daemon [_thread_blocked, id=6140, stack(0x00000000163f0000,0x00000000164f0000)]
  0x0000000002aae800 JavaThread "Reference Handler" daemon [_thread_blocked, id=6088, stack(0x00000000162f0000,0x00000000163f0000)]
  0x000000000293e800 JavaThread "main" [_thread_blocked, id=13084, stack(0x0000000002820000,0x0000000002920000)]

Other Threads:
  0x0000000015158000 VMThread [stack: 0x00000000161f0000,0x00000000162f0000] [id=5784]
  0x0000000016b26800 WatcherThread [stack: 0x0000000016fd0000,0x00000000170d0000] [id=4280]

VM state:not at safepoint (normal execution)

VM Mutex/Monitor currently owned by a thread: None

Heap:
 PSYoungGen      total 272896K, used 109799K [0x00000000eab00000, 0x00000000ff880000, 0x0000000100000000)
  eden space 251392K, 43% used [0x00000000eab00000,0x00000000f1639e18,0x00000000fa080000)
  from space 21504K, 0% used [0x00000000fa080000,0x00000000fa080000,0x00000000fb580000)
  to   space 20992K, 0% used [0x00000000fe400000,0x00000000fe400000,0x00000000ff880000)
 ParOldGen       total 59904K, used 52277K [0x00000000c0000000, 0x00000000c3a80000, 0x00000000eab00000)
  object space 59904K, 87% used [0x00000000c0000000,0x00000000c330d5c8,0x00000000c3a80000)
 Metaspace       used 62253K, capacity 65110K, committed 65280K, reserved 1105920K
  class space    used 8318K, capacity 8958K, committed 8960K, reserved 1048576K

Card table byte_map: [0x0000000011e80000,0x0000000012090000] byte_map_base: 0x0000000011880000

Marking Bits: (ParMarkBitMap*) 0x000000005a8d0600
 Begin Bits: [0x00000000125f0000, 0x00000000135f0000)
 End Bits:   [0x00000000135f0000, 0x00000000145f0000)

Polling page: 0x0000000001270000

CodeCache: size=245760Kb used=35818Kb max_used=35829Kb free=209941Kb
 bounds [0x0000000002ac0000, 0x0000000004e00000, 0x0000000011ac0000]
 total_blobs=10785 nmethods=10049 adapters=646
 compilation: enabled

Compilation events (10 events):
Event: 484.374 Thread 0x0000000015196800 12489   !   4       sun.nio.fs.WindowsNativeDispatcher::CreateFile (41 bytes)
Event: 484.403 Thread 0x0000000015196800 nmethod 12489 0x0000000004de5e10 code [0x0000000004de6000, 0x0000000004de6980]
Event: 484.411 Thread 0x000000001518f000 nmethod 12485 0x0000000004deb5d0 code [0x0000000004deb820, 0x0000000004dede78]
Event: 484.435 Thread 0x0000000015196800 12490       4       org.gradle.api.internal.changedetection.state.CachingFileSnapshotter::snapshot (100 bytes)
Event: 484.435 Thread 0x000000001518f000 12491   !   4       com.google.common.cache.LocalCache$Segment::get (122 bytes)
Event: 484.452 Thread 0x000000001518f000 nmethod 12491 0x0000000004dea150 code [0x0000000004dea340, 0x0000000004deab60]
Event: 484.461 Thread 0x0000000015191800 12492       3       org.gradle.api.internal.changedetection.state.DefaultFileCollectionSnapshotter::snapshot (64 bytes)
Event: 484.462 Thread 0x0000000015191800 nmethod 12492 0x0000000004de3290 code [0x0000000004de3480, 0x0000000004de3d88]
Event: 484.483 Thread 0x000000001518f000 12493       4       org.gradle.api.internal.changedetection.state.DefaultFileCollectionSnapshotter$2::visitFile (12 bytes)
Event: 484.485 Thread 0x000000001518f000 nmethod 12493 0x0000000004de2e90 code [0x0000000004de2fe0, 0x0000000004de3158]

GC Heap History (10 events):
Event: 207.774 GC heap before
{Heap before GC invocations=20 (full 3):
 PSYoungGen      total 265216K, used 156545K [0x00000000eab00000, 0x00000000fcd00000, 0x0000000100000000)
  eden space 250880K, 57% used [0x00000000eab00000,0x00000000f36d6d20,0x00000000fa000000)
  from space 14336K, 93% used [0x00000000fbf00000,0x00000000fcc097b8,0x00000000fcd00000)
  to   space 23040K, 0% used [0x00000000fa000000,0x00000000fa000000,0x00000000fb680000)
 ParOldGen       total 59904K, used 41759K [0x00000000c0000000, 0x00000000c3a80000, 0x00000000eab00000)
  object space 59904K, 69% used [0x00000000c0000000,0x00000000c28c7d50,0x00000000c3a80000)
 Metaspace       used 57866K, capacity 60180K, committed 60416K, reserved 1101824K
  class space    used 7846K, capacity 8405K, committed 8448K, reserved 1048576K
Event: 207.936 GC heap after
Heap after GC invocations=20 (full 3):
 PSYoungGen      total 261632K, used 10655K [0x00000000eab00000, 0x00000000fcb00000, 0x0000000100000000)
  eden space 250880K, 0% used [0x00000000eab00000,0x00000000eab00000,0x00000000fa000000)
  from space 10752K, 99% used [0x00000000fa000000,0x00000000faa67e30,0x00000000faa80000)
  to   space 22016K, 0% used [0x00000000fb580000,0x00000000fb580000,0x00000000fcb00000)
 ParOldGen       total 59904K, used 41775K [0x00000000c0000000, 0x00000000c3a80000, 0x00000000eab00000)
  object space 59904K, 69% used [0x00000000c0000000,0x00000000c28cbd50,0x00000000c3a80000)
 Metaspace       used 57866K, capacity 60180K, committed 60416K, reserved 1101824K
  class space    used 7846K, capacity 8405K, committed 8448K, reserved 1048576K
}
Event: 207.936 GC heap before
{Heap before GC invocations=21 (full 4):
 PSYoungGen      total 261632K, used 10655K [0x00000000eab00000, 0x00000000fcb00000, 0x0000000100000000)
  eden space 250880K, 0% used [0x00000000eab00000,0x00000000eab00000,0x00000000fa000000)
  from space 10752K, 99% used [0x00000000fa000000,0x00000000faa67e30,0x00000000faa80000)
  to   space 22016K, 0% used [0x00000000fb580000,0x00000000fb580000,0x00000000fcb00000)
 ParOldGen       total 59904K, used 41775K [0x00000000c0000000, 0x00000000c3a80000, 0x00000000eab00000)
  object space 59904K, 69% used [0x00000000c0000000,0x00000000c28cbd50,0x00000000c3a80000)
 Metaspace       used 57866K, capacity 60180K, committed 60416K, reserved 1101824K
  class space    used 7846K, capacity 8405K, committed 8448K, reserved 1048576K
Event: 209.479 GC heap after
Heap after GC invocations=21 (full 4):
 PSYoungGen      total 261632K, used 0K [0x00000000eab00000, 0x00000000fcb00000, 0x0000000100000000)
  eden space 250880K, 0% used [0x00000000eab00000,0x00000000eab00000,0x00000000fa000000)
  from space 10752K, 0% used [0x00000000fa000000,0x00000000fa000000,0x00000000faa80000)
  to   space 22016K, 0% used [0x00000000fb580000,0x00000000fb580000,0x00000000fcb00000)
 ParOldGen       total 59904K, used 49856K [0x00000000c0000000, 0x00000000c3a80000, 0x00000000eab00000)
  object space 59904K, 83% used [0x00000000c0000000,0x00000000c30b01a8,0x00000000c3a80000)
 Metaspace       used 57866K, capacity 60180K, committed 60416K, reserved 1101824K
  class space    used 7846K, capacity 8405K, committed 8448K, reserved 1048576K
}
Event: 451.242 GC heap before
{Heap before GC invocations=22 (full 4):
 PSYoungGen      total 261632K, used 250880K [0x00000000eab00000, 0x00000000fcb00000, 0x0000000100000000)
  eden space 250880K, 100% used [0x00000000eab00000,0x00000000fa000000,0x00000000fa000000)
  from space 10752K, 0% used [0x00000000fa000000,0x00000000fa000000,0x00000000faa80000)
  to   space 22016K, 0% used [0x00000000fb580000,0x00000000fb580000,0x00000000fcb00000)
 ParOldGen       total 59904K, used 49856K [0x00000000c0000000, 0x00000000c3a80000, 0x00000000eab00000)
  object space 59904K, 83% used [0x00000000c0000000,0x00000000c30b01a8,0x00000000c3a80000)
 Metaspace       used 61197K, capacity 63810K, committed 63872K, reserved 1103872K
  class space    used 8215K, capacity 8803K, committed 8832K, reserved 1048576K
Event: 451.318 GC heap after
Heap after GC invocations=22 (full 4):
 PSYoungGen      total 273408K, used 5582K [0x00000000eab00000, 0x00000000ff980000, 0x0000000100000000)
  eden space 251392K, 0% used [0x00000000eab00000,0x00000000eab00000,0x00000000fa080000)
  from space 22016K, 25% used [0x00000000fb580000,0x00000000fbaf39b0,0x00000000fcb00000)
  to   space 21504K, 0% used [0x00000000fa080000,0x00000000fa080000,0x00000000fb580000)
 ParOldGen       total 59904K, used 49864K [0x00000000c0000000, 0x00000000c3a80000, 0x00000000eab00000)
  object space 59904K, 83% used [0x00000000c0000000,0x00000000c30b21a8,0x00000000c3a80000)
 Metaspace       used 61197K, capacity 63810K, committed 63872K, reserved 1103872K
  class space    used 8215K, capacity 8803K, committed 8832K, reserved 1048576K
}
Event: 458.752 GC heap before
{Heap before GC invocations=23 (full 4):
 PSYoungGen      total 273408K, used 97222K [0x00000000eab00000, 0x00000000ff980000, 0x0000000100000000)
  eden space 251392K, 36% used [0x00000000eab00000,0x00000000f047df78,0x00000000fa080000)
  from space 22016K, 25% used [0x00000000fb580000,0x00000000fbaf39b0,0x00000000fcb00000)
  to   space 21504K, 0% used [0x00000000fa080000,0x00000000fa080000,0x00000000fb580000)
 ParOldGen       total 59904K, used 49864K [0x00000000c0000000, 0x00000000c3a80000, 0x00000000eab00000)
  object space 59904K, 83% used [0x00000000c0000000,0x00000000c30b21a8,0x00000000c3a80000)
 Metaspace       used 61951K, capacity 64638K, committed 64768K, reserved 1105920K
  class space    used 8302K, capacity 8931K, committed 8960K, reserved 1048576K
Event: 458.801 GC heap after
Heap after GC invocations=23 (full 4):
 PSYoungGen      total 272896K, used 8150K [0x00000000eab00000, 0x00000000ff880000, 0x0000000100000000)
  eden space 251392K, 0% used [0x00000000eab00000,0x00000000eab00000,0x00000000fa080000)
  from space 21504K, 37% used [0x00000000fa080000,0x00000000fa8758f8,0x00000000fb580000)
  to   space 20992K, 0% used [0x00000000fe400000,0x00000000fe400000,0x00000000ff880000)
 ParOldGen       total 59904K, used 49872K [0x00000000c0000000, 0x00000000c3a80000, 0x00000000eab00000)
  object space 59904K, 83% used [0x00000000c0000000,0x00000000c30b41a8,0x00000000c3a80000)
 Metaspace       used 61951K, capacity 64638K, committed 64768K, reserved 1105920K
  class space    used 8302K, capacity 8931K, committed 8960K, reserved 1048576K
}
Event: 458.801 GC heap before
{Heap before GC invocations=24 (full 5):
 PSYoungGen      total 272896K, used 8150K [0x00000000eab00000, 0x00000000ff880000, 0x0000000100000000)
  eden space 251392K, 0% used [0x00000000eab00000,0x00000000eab00000,0x00000000fa080000)
  from space 21504K, 37% used [0x00000000fa080000,0x00000000fa8758f8,0x00000000fb580000)
  to   space 20992K, 0% used [0x00000000fe400000,0x00000000fe400000,0x00000000ff880000)
 ParOldGen       total 59904K, used 49872K [0x00000000c0000000, 0x00000000c3a80000, 0x00000000eab00000)
  object space 59904K, 83% used [0x00000000c0000000,0x00000000c30b41a8,0x00000000c3a80000)
 Metaspace       used 61951K, capacity 64638K, committed 64768K, reserved 1105920K
  class space    used 8302K, capacity 8931K, committed 8960K, reserved 1048576K
Event: 459.618 GC heap after
Heap after GC invocations=24 (full 5):
 PSYoungGen      total 272896K, used 0K [0x00000000eab00000, 0x00000000ff880000, 0x0000000100000000)
  eden space 251392K, 0% used [0x00000000eab00000,0x00000000eab00000,0x00000000fa080000)
  from space 21504K, 0% used [0x00000000fa080000,0x00000000fa080000,0x00000000fb580000)
  to   space 20992K, 0% used [0x00000000fe400000,0x00000000fe400000,0x00000000ff880000)
 ParOldGen       total 59904K, used 52277K [0x00000000c0000000, 0x00000000c3a80000, 0x00000000eab00000)
  object space 59904K, 87% used [0x00000000c0000000,0x00000000c330d5c8,0x00000000c3a80000)
 Metaspace       used 61905K, capacity 64528K, committed 64768K, reserved 1105920K
  class space    used 8288K, capacity 8917K, committed 8960K, reserved 1048576K
}

Deoptimization events (10 events):
Event: 458.631 Thread 0x000000001ba0b800 Uncommon trap: reason=bimorphic action=maybe_recompile pc=0x0000000004a79114 method=com.google.common.cache.LocalCache$Segment.setValue(Lcom/google/common/cache/LocalCache$ReferenceEntry;Ljava/lang/Object;Ljava/lang/Object;J)V @ 1
Event: 458.631 Thread 0x000000001ba0b800 Uncommon trap: reason=class_check action=maybe_recompile pc=0x0000000004a78f0c method=com.google.common.cache.LocalCache$Segment.setValue(Lcom/google/common/cache/LocalCache$ReferenceEntry;Ljava/lang/Object;Ljava/lang/Object;J)V @ 51
Event: 458.631 Thread 0x000000001ba0b800 Uncommon trap: reason=bimorphic action=maybe_recompile pc=0x0000000004a79114 method=com.google.common.cache.LocalCache$Segment.setValue(Lcom/google/common/cache/LocalCache$ReferenceEntry;Ljava/lang/Object;Ljava/lang/Object;J)V @ 1
Event: 483.138 Thread 0x000000001ba0b800 Uncommon trap: reason=class_check action=maybe_recompile pc=0x00000000046536dc method=com.google.common.collect.AbstractMapBasedMultimap$WrappedCollection.refreshIfEmpty()V @ 40
Event: 483.138 Thread 0x000000001ba0b800 Uncommon trap: reason=class_check action=maybe_recompile pc=0x0000000004041798 method=com.google.common.collect.AbstractMapBasedMultimap.iteratorOrListIterator(Ljava/util/Collection;)Ljava/util/Iterator; @ 1
Event: 483.138 Thread 0x000000001ba0b800 Uncommon trap: reason=class_check action=maybe_recompile pc=0x0000000002dac308 method=com.google.common.collect.AbstractMapBasedMultimap$WrappedCollection.refreshIfEmpty()V @ 40
Event: 483.138 Thread 0x000000001ba0b800 Uncommon trap: reason=class_check action=maybe_recompile pc=0x00000000042f2fd4 method=com.google.common.collect.AbstractMapBasedMultimap$WrappedCollection.refreshIfEmpty()V @ 40
Event: 483.141 Thread 0x000000001ba0b800 Uncommon trap: reason=class_check action=maybe_recompile pc=0x00000000042f5978 method=com.google.common.collect.AbstractMapBasedMultimap$WrappedCollection.refreshIfEmpty()V @ 40
Event: 483.339 Thread 0x000000001ba0b800 Uncommon trap: reason=null_check action=make_not_entrant pc=0x0000000004433074 method=org.codehaus.groovy.runtime.typehandling.DefaultTypeTransformation.castToType(Ljava/lang/Object;Ljava/lang/Class;)Ljava/lang/Object; @ 28
Event: 483.479 Thread 0x000000001ba0b800 Uncommon trap: reason=null_check action=make_not_entrant pc=0x0000000004d97b18 method=java.lang.Class.isEnum()Z @ 1

Internal exceptions (10 events):
Event: 457.696 Thread 0x000000001ba0b800 Exception <a 'java/lang/ClassNotFoundException': org/jetbrains/plugins/gradle/model/ExternalProjectBeanInfo> (0x00000000ef44f718) thrown at [D:\re\puppet\workspace\8-2-build-windows-amd64-cygwin\jdk8u73\6086\hotspot\src\share\vm\classfile\systemDictionary.XM∏
%õ|@
Event: 457.697 Thread 0x000000001ba0b800 Exception <a 'java/lang/ClassNotFoundException': org/jetbrains/plugins/gradle/model/ExternalProjectCustomizer> (0x00000000ef45a1f8) thrown at [D:\re\puppet\workspace\8-2-build-windows-amd64-cygwin\jdk8u73\6086\hotspot\src\share\vm\classfile\systemDictionarˆMEK€¢|@
Event: 458.179 Thread 0x000000001ba0b800 Exception <a 'java/lang/ClassNotFoundException': org/jetbrains/plugins/gradle/model/DefaultExternalProjectBeanInfo> (0x00000000efeadd98) thrown at [D:\re\puppet\workspace\8-2-build-windows-amd64-cygwin\jdk8u73\6086\hotspot\src\share\vm\classfile\systemDictª]Å›¢|@
Event: 458.179 Thread 0x000000001ba0b800 Exception <a 'java/lang/ClassNotFoundException': org/jetbrains/plugins/gradle/model/DefaultExternalProjectCustomizer> (0x00000000efeb9510) thrown at [D:\re\puppet\workspace\8-2-build-windows-amd64-cygwin\jdk8u73\6086\hotspot\src\share\vm\classfile\systemDi∆∑Âr£|@
Event: 458.191 Thread 0x000000001ba0b800 Exception <a 'java/lang/ClassNotFoundException': org/jetbrains/plugins/gradle/model/DefaultExternalTaskBeanInfo> (0x00000000eff52730) thrown at [D:\re\puppet\workspace\8-2-build-windows-amd64-cygwin\jdk8u73\6086\hotspot\src\share\vm\classfile\systemDiction@$>£|@
Event: 458.192 Thread 0x000000001ba0b800 Exception <a 'java/lang/ClassNotFoundException': org/jetbrains/plugins/gradle/model/DefaultExternalTaskCustomizer> (0x00000000eff5dc50) thrown at [D:\re\puppet\workspace\8-2-build-windows-amd64-cygwin\jdk8u73\6086\hotspot\src\share\vm\classfile\systemDicti∑æbÅ§|@
Event: 458.282 Thread 0x000000001ba0b800 Exception <a 'java/lang/ClassNotFoundException': org/jetbrains/plugins/gradle/model/DefaultExternalPluginBeanInfo> (0x00000000f0058c40) thrown at [D:\re\puppet\workspace\8-2-build-windows-amd64-cygwin\jdk8u73\6086\hotspot\src\share\vm\classfile\systemDicti€õ≈˙É§|@
Event: 458.282 Thread 0x000000001ba0b800 Exception <a 'java/lang/ClassNotFoundException': org/jetbrains/plugins/gradle/model/DefaultExternalPluginCustomizer> (0x00000000f0063e40) thrown at [D:\re\puppet\workspace\8-2-build-windows-amd64-cygwin\jdk8u73\6086\hotspot\src\share\vm\classfile\systemDicë(Gdt˘}@
Event: 479.591 Thread 0x000000001ba0b800 Exception <a 'java/lang/ClassNotFoundException': asLocalRepo4_7dzpizk3d0o4s806348l8ncptBeanInfo> (0x00000000eb9bad20) thrown at [D:\re\puppet\workspace\8-2-build-windows-amd64-cygwin\jdk8u73\6086\hotspot\src\share\vm\classfile\systemDictionary.cpp, line 21
Event: 479.591 Thread 0x000000001ba0b800 Exception <a 'java/lang/ClassNotFoundException': asLocalRepo4_7dzpizk3d0o4s806348l8ncptCustomizer> (0x00000000eb9c4128) thrown at [D:\re\puppet\workspace\8-2-build-windows-amd64-cygwin\jdk8u73\6086\hotspot\src\share\vm\classfile\systemDictionary.cpp, line ”Q¨í"õ|@

Events (10 events):
Event: 483.141 Thread 0x000000001ba0b800 DEOPT PACKING pc=0x00000000042f5978 sp=0x00000000195dcd40
Event: 483.141 Thread 0x000000001ba0b800 DEOPT UNPACKING pc=0x0000000002b0582a sp=0x00000000195dcce0 mode 2
Event: 483.339 Thread 0x000000001ba0b800 Uncommon trap: trap_request=0xfffffff4 fr.pc=0x0000000004433074
Event: 483.339 Thread 0x000000001ba0b800 DEOPT PACKING pc=0x0000000004433074 sp=0x00000000195dc270
Event: 483.339 Thread 0x000000001ba0b800 DEOPT UNPACKING pc=0x0000000002b0582a sp=0x00000000195dc208 mode 2
Event: 483.479 Thread 0x000000001ba0b800 Uncommon trap: trap_request=0xfffffff4 fr.pc=0x0000000004d97b18
Event: 483.479 Thread 0x000000001ba0b800 DEOPT PACKING pc=0x0000000004d97b18 sp=0x00000000195dc420
Event: 483.479 Thread 0x000000001ba0b800 DEOPT UNPACKING pc=0x0000000002b0582a sp=0x00000000195dc368 mode 2
Event: 484.124 loading class org/gradle/internal/typeconversion/NotationConverterToNotationParserAdapter$1
Event: 484.124 loading class org/gradle/internal/typeconversion/NotationConverterToNotationParserAdapter$1 done


Dynamic libraries:
0x00007ff6c9370000 - 0x00007ff6c93a7000 	C:\Program Files\Java\jdk1.8.0_73\bin\java.exe
0x00007ffd875d0000 - 0x00007ffd87792000 	C:\WINDOWS\SYSTEM32\ntdll.dll
0x00007ffd86730000 - 0x00007ffd867dd000 	C:\WINDOWS\system32\KERNEL32.DLL
0x00007ffd848f0000 - 0x00007ffd84acd000 	C:\WINDOWS\system32\KERNELBASE.dll
0x00007ffd86c50000 - 0x00007ffd86cf6000 	C:\WINDOWS\system32\ADVAPI32.dll
0x00007ffd86d00000 - 0x00007ffd86d9d000 	C:\WINDOWS\system32\msvcrt.dll
0x00007ffd86840000 - 0x00007ffd8689b000 	C:\WINDOWS\system32\sechost.dll
0x00007ffd874a0000 - 0x00007ffd875c6000 	C:\WINDOWS\system32\RPCRT4.dll
0x00007ffd868a0000 - 0x00007ffd869ee000 	C:\WINDOWS\system32\USER32.dll
0x00007ffd862a0000 - 0x00007ffd86426000 	C:\WINDOWS\system32\GDI32.dll
0x00007ffd76500000 - 0x00007ffd76774000 	C:\WINDOWS\WinSxS\amd64_microsoft.windows.common-controls_6595b64144ccf1df_6.0.10240.16384_none_f41f7b285750ef43\COMCTL32.dll
0x00007ffd873f0000 - 0x00007ffd87426000 	C:\WINDOWS\system32\IMM32.DLL
0x00007ffd87290000 - 0x00007ffd873ec000 	C:\WINDOWS\system32\MSCTF.dll
0x0000000059fe0000 - 0x000000005a0b2000 	C:\Program Files\Java\jdk1.8.0_73\jre\bin\msvcr100.dll
0x000000005a0c0000 - 0x000000005a950000 	C:\Program Files\Java\jdk1.8.0_73\jre\bin\server\jvm.dll
0x00007ffd86da0000 - 0x00007ffd86da8000 	C:\WINDOWS\system32\PSAPI.DLL
0x00007ffd78a00000 - 0x00007ffd78a09000 	C:\WINDOWS\SYSTEM32\WSOCK32.dll
0x00007ffd86bc0000 - 0x00007ffd86c29000 	C:\WINDOWS\system32\WS2_32.dll
0x00007ffd86430000 - 0x00007ffd86438000 	C:\WINDOWS\system32\NSI.dll
0x00007ffd82680000 - 0x00007ffd826a3000 	C:\WINDOWS\SYSTEM32\WINMM.dll
0x00007ffd800d0000 - 0x00007ffd800da000 	C:\WINDOWS\SYSTEM32\VERSION.dll
0x00007ffd82620000 - 0x00007ffd8264c000 	C:\WINDOWS\SYSTEM32\WINMMBASE.dll
0x00007ffd84150000 - 0x00007ffd84194000 	C:\WINDOWS\system32\cfgmgr32.dll
0x00007ffd82970000 - 0x00007ffd82997000 	C:\WINDOWS\SYSTEM32\DEVOBJ.dll
0x000000005ad90000 - 0x000000005ad9f000 	C:\Program Files\Java\jdk1.8.0_73\jre\bin\verify.dll
0x000000005ad60000 - 0x000000005ad89000 	C:\Program Files\Java\jdk1.8.0_73\jre\bin\java.dll
0x000000005ad40000 - 0x000000005ad56000 	C:\Program Files\Java\jdk1.8.0_73\jre\bin\zip.dll
0x00007ffd84d70000 - 0x00007ffd86292000 	C:\WINDOWS\system32\SHELL32.dll
0x00007ffd84260000 - 0x00007ffd84888000 	C:\WINDOWS\system32\windows.storage.dll
0x00007ffd87010000 - 0x00007ffd8728c000 	C:\WINDOWS\system32\combase.dll
0x00007ffd86520000 - 0x00007ffd86571000 	C:\WINDOWS\system32\shlwapi.dll
0x00007ffd84000000 - 0x00007ffd8400f000 	C:\WINDOWS\system32\kernel.appcore.dll
0x00007ffd841a0000 - 0x00007ffd84253000 	C:\WINDOWS\system32\shcore.dll
0x00007ffd84010000 - 0x00007ffd8405a000 	C:\WINDOWS\system32\powrprof.dll
0x00007ffd84080000 - 0x00007ffd84093000 	C:\WINDOWS\system32\profapi.dll
0x000000005ad20000 - 0x000000005ad3a000 	C:\Program Files\Java\jdk1.8.0_73\jre\bin\net.dll
0x00007ffd83810000 - 0x00007ffd8386d000 	C:\WINDOWS\system32\mswsock.dll
0x000000005ad00000 - 0x000000005ad11000 	C:\Program Files\Java\jdk1.8.0_73\jre\bin\nio.dll
0x00007ffd77ea0000 - 0x00007ffd77eb2000 	C:\Users\User\.gradle\native\19\windows-amd64\native-platform.dll
0x00007ffd80370000 - 0x00007ffd803a8000 	C:\WINDOWS\SYSTEM32\IPHLPAPI.DLL
0x00007ffd800c0000 - 0x00007ffd800cb000 	C:\WINDOWS\SYSTEM32\WINNSI.DLL
0x00007ffd7e1c0000 - 0x00007ffd7e1d6000 	C:\WINDOWS\SYSTEM32\dhcpcsvc6.DLL
0x00007ffd80d10000 - 0x00007ffd80d2a000 	C:\WINDOWS\SYSTEM32\dhcpcsvc.DLL
0x00007ffd83870000 - 0x00007ffd83887000 	C:\WINDOWS\SYSTEM32\CRYPTSP.dll
0x00007ffd83f30000 - 0x00007ffd83f58000 	C:\WINDOWS\SYSTEM32\bcrypt.dll
0x00007ffd83460000 - 0x00007ffd83493000 	C:\WINDOWS\system32\rsaenh.dll
0x00007ffd835b0000 - 0x00007ffd835cf000 	C:\WINDOWS\SYSTEM32\USERENV.dll
0x00007ffd83dc0000 - 0x00007ffd83e2b000 	C:\WINDOWS\system32\bcryptprimitives.dll
0x00007ffd839e0000 - 0x00007ffd839eb000 	C:\WINDOWS\SYSTEM32\CRYPTBASE.dll
0x000000005ab00000 - 0x000000005ab0d000 	C:\Program Files\Java\jdk1.8.0_73\jre\bin\management.dll

VM Arguments:
jvm_args: -XX:MaxPermSize=256m -XX:+HeapDumpOnOutOfMemoryError -Xmx1024m -Dfile.encoding=windows-1252 -Duser.country=US -Duser.language=en -Duser.variant 
java_command: org.gradle.launcher.daemon.bootstrap.GradleDaemon 2.10
java_class_path (initial): C:\Program Files\Android\Android Studio\gradle\gradle-2.10\lib\gradle-launcher-2.10.jar
Launcher Type: SUN_STANDARD

Environment Variables:
JAVA_HOME=C:\Program Files\Java\jdk1.8.0_73
PATH=C:\Program Files (x86)\iis express\PHP\v5.6;C:\ProgramData\Oracle\Java\javapath;C:\Program Files (x86)\EasyPHP-DevServer-14.1VC9\binaries\php\php_runningversion;C:\Program Files (x86)\Intel\iCLS Client\;C:\Program Files\Intel\iCLS Client\;C:\WINDOWS\system32;C:\WINDOWS;C:\WINDOWS\System32\Wbem;C:\WINDOWS\System32\WindowsPowerShell\v1.0\;C:\Program Files\Intel\Intel(R) Management Engine Components\DAL;C:\Program Files\Intel\Intel(R) Management Engine Components\IPT;C:\Program Files (x86)\Intel\Intel(R) Management Engine Components\DAL;C:\Program Files (x86)\Intel\Intel(R) Management Engine Components\IPT;C:\Program Files (x86)\Intel\OpenCL SDK\2.0\bin\x86;C:\Program Files (x86)\Intel\OpenCL SDK\2.0\bin\x64;C:\Program Files\Intel\WiFi\bin\;C:\Program Files\Common Files\Intel\WirelessCommon\;C:\Program Files (x86)\Windows Live\Shared;C:\Program Files (x86)\Microsoft ASP.NET\ASP.NET Web Pages\v1.0\;C:\Program Files\Microsoft SQL Server\110\Tools;C:\Program Files (x86)\Windows Kits\8.1\Windows Performance Toolkit\;C:\Program Files\Microsoft SQL Server\110\Tools\Binn\;C:\Program Files\Microsoft SQL Server\120\Tools\Binn\;C:\Program Files (x86)\Skype\Phone\
USERNAME=Farheen
OS=Windows_NT
PROCESSOR_IDENTIFIER=Intel64 Family 6 Model 58 Stepping 9, GenuineIntel



---------------  S Y S T E M  ---------------

OS: Windows 10.0 , 64 bit Build 10240 (10.0.10240.16384)

CPU:total 4 (2 cores per cpu, 2 threads per core) family 6 model 58 stepping 9, cmov, cx8, fxsr, mmx, sse, sse2, sse3, ssse3, sse4.1, sse4.2, popcnt, avx, aes, clmul, erms, ht, tsc, tscinvbit, tscinv

Memory: 4k page, physical 4046396k(290272k free), swap 9828160k(19860k free)

vm_info: Java HotSpot(TM) 64-Bit Server VM (25.73-b02) for windows-amd64 JRE (1.8.0_73-b02), built on Jan 29 2016 17:38:49 by "java_re" with MS VC++ 10.0 (VS2010)

time: Tue Apr 12 19:34:08 2016
elapsed time: 484 seconds (0d 0h 8m 4s)

